[2025-08-20 13:07:51] [INFO] org.testng.internal.Utils - [TestNG] Running:
  C:\Users\Supriya\SeleniumWebDriver\OpencartV121\master.xml

[2025-08-20 13:08:01] [INFO] testCases.LoginDataDrivenTest - ****Starting verify_login****
[2025-08-20 13:08:04] [INFO] testCases.LoginDataDrivenTest - ****finished verify_login****
[2025-08-20 13:08:04] [INFO] testCases.LoginDataDrivenTest - ****Starting verify_login****
[2025-08-20 13:08:06] [INFO] testCases.LoginDataDrivenTest - ****finished verify_login****
[2025-08-20 13:08:06] [INFO] testCases.LoginDataDrivenTest - ****Starting verify_login****
[2025-08-20 13:08:16] [INFO] testCases.LoginDataDrivenTest - ****finished verify_login****
[2025-08-20 13:08:16] [INFO] testCases.LoginDataDrivenTest - ****Starting verify_login****
[2025-08-20 13:08:26] [INFO] testCases.LoginDataDrivenTest - ****finished verify_login****
[2025-08-20 13:08:26] [INFO] testCases.LoginDataDrivenTest - ****Starting verify_login****
[2025-08-20 13:08:29] [INFO] testCases.LoginDataDrivenTest - ****finished verify_login****
[2025-08-20 13:09:11] [INFO] org.testng.internal.Utils - [TestNG] Running:
  C:\Users\Supriya\SeleniumWebDriver\OpencartV121\master.xml

[2025-08-20 13:09:13] [INFO] testCases.AccountRegistrationTest - ****Starting AccountRegistrationTest****
[2025-08-20 13:09:14] [INFO] testCases.AccountRegistrationTest - Clicked on account link.... 
[2025-08-20 13:09:14] [INFO] testCases.AccountRegistrationTest - Clicked on registration link.... 
[2025-08-20 13:09:14] [INFO] testCases.AccountRegistrationTest - Providing customer details.... 
[2025-08-20 13:09:21] [INFO] testCases.AccountRegistrationTest - Validating expected message.... 
[2025-08-20 13:09:23] [INFO] testCases.AccountRegistrationTest - Logout after registering....
[2025-08-20 13:09:24] [INFO] testCases.AccountRegistrationTest - ****Finished AccountRegistrationTest****
[2025-08-20 13:09:27] [INFO] testCases.LoginTest - ****Starting verify_login****
[2025-08-20 13:09:31] [INFO] testCases.LoginTest - ****finished verify_login****
[2025-08-20 13:19:32] [INFO] org.testng.internal.Utils - [TestNG] Running:
  C:\Users\Supriya\SeleniumWebDriver\OpencartV121\grouping.xml

[2025-08-20 13:19:35] [INFO] testCases.AccountRegistrationTest - ****Starting AccountRegistrationTest****
[2025-08-20 13:19:35] [INFO] testCases.AccountRegistrationTest - Clicked on account link.... 
[2025-08-20 13:19:35] [INFO] testCases.AccountRegistrationTest - Clicked on registration link.... 
[2025-08-20 13:19:35] [INFO] testCases.AccountRegistrationTest - Providing customer details.... 
[2025-08-20 13:19:41] [INFO] testCases.AccountRegistrationTest - Validating expected message.... 
[2025-08-20 13:19:43] [INFO] testCases.AccountRegistrationTest - Logout after registering....
[2025-08-20 13:19:44] [INFO] testCases.AccountRegistrationTest - ****Finished AccountRegistrationTest****
[2025-08-20 13:19:46] [INFO] testCases.LoginTest - ****Starting verify_login****
[2025-08-20 13:19:49] [INFO] testCases.LoginTest - ****finished verify_login****
[2025-08-20 13:29:52] [INFO] org.testng.internal.Utils - [TestNG] Running:
  C:\Users\Supriya\SeleniumWebDriver\OpencartV121\grouping.xml

[2025-08-20 13:29:54] [INFO] testCases.AccountRegistrationTest - ****Starting AccountRegistrationTest****
[2025-08-20 13:29:54] [INFO] testCases.AccountRegistrationTest - Clicked on account link.... 
[2025-08-20 13:29:55] [INFO] testCases.AccountRegistrationTest - Clicked on registration link.... 
[2025-08-20 13:29:55] [INFO] testCases.AccountRegistrationTest - Providing customer details.... 
[2025-08-20 13:30:01] [INFO] testCases.AccountRegistrationTest - Validating expected message.... 
[2025-08-20 13:30:02] [INFO] testCases.AccountRegistrationTest - Logout after registering....
[2025-08-20 13:30:04] [INFO] testCases.AccountRegistrationTest - ****Finished AccountRegistrationTest****
[2025-08-20 13:30:06] [INFO] testCases.LoginTest - ****Starting verify_login****
[2025-08-20 13:30:09] [INFO] testCases.LoginTest - ****finished verify_login****
[2025-08-20 13:31:03] [INFO] org.testng.internal.Utils - [TestNG] Running:
  C:\Users\Supriya\SeleniumWebDriver\OpencartV121\grouping.xml

[2025-08-20 13:31:05] [INFO] testCases.AccountRegistrationTest - ****Starting AccountRegistrationTest****
[2025-08-20 13:31:05] [INFO] testCases.AccountRegistrationTest - Clicked on account link.... 
[2025-08-20 13:31:06] [INFO] testCases.AccountRegistrationTest - Clicked on registration link.... 
[2025-08-20 13:31:06] [INFO] testCases.AccountRegistrationTest - Providing customer details.... 
[2025-08-20 13:31:11] [INFO] testCases.AccountRegistrationTest - Validating expected message.... 
[2025-08-20 13:31:13] [INFO] testCases.AccountRegistrationTest - Logout after registering....
[2025-08-20 13:31:14] [INFO] testCases.AccountRegistrationTest - ****Finished AccountRegistrationTest****
[2025-08-20 13:31:16] [INFO] testCases.LoginTest - ****Starting verify_login****
[2025-08-20 13:31:19] [INFO] testCases.LoginTest - ****finished verify_login****
[2025-08-20 13:32:33] [INFO] org.testng.internal.Utils - [TestNG] Running:
  C:\Users\Supriya\SeleniumWebDriver\OpencartV121\grouping.xml

[2025-08-20 13:32:35] [INFO] testCases.AccountRegistrationTest - ****Starting AccountRegistrationTest****
[2025-08-20 13:32:35] [INFO] testCases.AccountRegistrationTest - Clicked on account link.... 
[2025-08-20 13:32:35] [INFO] testCases.AccountRegistrationTest - Clicked on registration link.... 
[2025-08-20 13:32:35] [INFO] testCases.AccountRegistrationTest - Providing customer details.... 
[2025-08-20 13:32:41] [INFO] testCases.AccountRegistrationTest - Validating expected message.... 
[2025-08-20 13:32:43] [INFO] testCases.AccountRegistrationTest - Logout after registering....
[2025-08-20 13:32:44] [INFO] testCases.AccountRegistrationTest - ****Finished AccountRegistrationTest****
[2025-08-20 13:32:46] [INFO] testCases.LoginTest - ****Starting verify_login****
[2025-08-20 13:32:57] [ERROR] testCases.LoginTest - Test failedorg.openqa.selenium.NoSuchElementException: no such element: Unable to locate element: {"method":"xpath","selector":"//h1[normalize-space()='My Account']"}
  (Session info: chrome=139.0.7258.128)
For documentation on this error, please visit: https://www.selenium.dev/documentation/webdriver/troubleshooting/errors#no-such-element-exception
Build info: version: '4.34.0', revision: '707dcb4246*'
System info: os.name: 'Windows 11', os.arch: 'amd64', os.version: '10.0', java.version: '23.0.1'
Driver info: org.openqa.selenium.chrome.ChromeDriver
Command: [a959bb4db5bb0e1aa0e51fb93b2cdf51, findElement {value=//h1[normalize-space()='My Account'], using=xpath}]
Capabilities {acceptInsecureCerts: false, browserName: chrome, browserVersion: 139.0.7258.128, chrome: {chromedriverVersion: 139.0.7258.138 (884e54ea8d4..., userDataDir: C:\Users\Supriya\AppData\Lo...}, fedcm:accounts: true, goog:chromeOptions: {debuggerAddress: localhost:61381}, networkConnectionEnabled: false, pageLoadStrategy: normal, platformName: windows, proxy: Proxy(), se:cdp: ws://localhost:61381/devtoo..., se:cdpVersion: 139.0.7258.128, setWindowRect: true, strictFileInteractability: false, timeouts: {implicit: 0, pageLoad: 300000, script: 30000}, unhandledPromptBehavior: dismiss and notify, webauthn:extension:credBlob: true, webauthn:extension:largeBlob: true, webauthn:extension:minPinLength: true, webauthn:extension:prf: true, webauthn:virtualAuthenticators: true}
Session ID: a959bb4db5bb0e1aa0e51fb93b2cdf51
[2025-08-20 13:32:57] [INFO] testCases.LoginTest - ****finished verify_login****
[2025-08-20 13:35:26] [INFO] org.testng.internal.Utils - [TestNG] Running:
  C:\Users\Supriya\SeleniumWebDriver\OpencartV121\grouping.xml

[2025-08-20 13:35:28] [INFO] testCases.AccountRegistrationTest - ****Starting AccountRegistrationTest****
[2025-08-20 13:35:28] [INFO] testCases.AccountRegistrationTest - Clicked on account link.... 
[2025-08-20 13:35:29] [INFO] testCases.AccountRegistrationTest - Clicked on registration link.... 
[2025-08-20 13:35:29] [INFO] testCases.AccountRegistrationTest - Providing customer details.... 
[2025-08-20 13:35:34] [INFO] testCases.AccountRegistrationTest - Validating expected message.... 
[2025-08-20 13:35:36] [INFO] testCases.AccountRegistrationTest - Logout after registering....
[2025-08-20 13:35:37] [INFO] testCases.AccountRegistrationTest - ****Finished AccountRegistrationTest****
[2025-08-20 13:35:39] [INFO] testCases.LoginTest - ****Starting verify_login****
[2025-08-20 13:39:22] [INFO] org.testng.internal.Utils - [TestNG] Running:
  C:\Users\Supriya\SeleniumWebDriver\OpencartV121\master.xml

[2025-08-20 13:39:24] [INFO] testCases.AccountRegistrationTest - ****Starting AccountRegistrationTest****
[2025-08-20 13:39:24] [INFO] testCases.AccountRegistrationTest - Clicked on account link.... 
[2025-08-20 13:39:24] [INFO] testCases.AccountRegistrationTest - Clicked on registration link.... 
[2025-08-20 13:39:24] [INFO] testCases.AccountRegistrationTest - Providing customer details.... 
[2025-08-20 13:39:30] [INFO] testCases.AccountRegistrationTest - Validating expected message.... 
[2025-08-20 13:39:32] [INFO] testCases.AccountRegistrationTest - Logout after registering....
[2025-08-20 13:39:33] [INFO] testCases.AccountRegistrationTest - ****Finished AccountRegistrationTest****
[2025-08-20 13:39:35] [INFO] testCases.LoginTest - ****Starting verify_login****
[2025-08-20 14:00:25] [INFO] org.testng.internal.Utils - [TestNG] Running:
  C:\Users\Supriya\SeleniumWebDriver\OpencartV121\grouping.xml

[2025-08-20 14:00:27] [INFO] testCases.AccountRegistrationTest - ****Starting AccountRegistrationTest****
[2025-08-20 14:00:27] [INFO] testCases.AccountRegistrationTest - Clicked on account link.... 
[2025-08-20 14:00:27] [INFO] testCases.AccountRegistrationTest - Clicked on registration link.... 
[2025-08-20 14:00:27] [INFO] testCases.AccountRegistrationTest - Providing customer details.... 
[2025-08-20 14:00:33] [INFO] testCases.AccountRegistrationTest - Validating expected message.... 
[2025-08-20 14:00:35] [INFO] testCases.AccountRegistrationTest - Logout after registering....
[2025-08-20 14:00:36] [INFO] testCases.AccountRegistrationTest - ****Finished AccountRegistrationTest****
[2025-08-20 14:00:38] [INFO] testCases.LoginTest - ****Starting verify_login****
[2025-08-20 14:12:43] [INFO] org.testng.internal.Utils - [TestNG] Running:
  C:\Users\Supriya\SeleniumWebDriver\OpencartV121\grouping.xml

[2025-08-20 14:12:49] [INFO] testCases.AccountRegistrationTest - ****Starting AccountRegistrationTest****
[2025-08-20 14:12:49] [INFO] testCases.AccountRegistrationTest - Clicked on account link.... 
[2025-08-20 14:12:50] [INFO] testCases.AccountRegistrationTest - Clicked on registration link.... 
[2025-08-20 14:12:50] [INFO] testCases.AccountRegistrationTest - Providing customer details.... 
[2025-08-20 14:12:56] [INFO] testCases.AccountRegistrationTest - Validating expected message.... 
[2025-08-20 14:12:57] [INFO] testCases.AccountRegistrationTest - Logout after registering....
[2025-08-20 14:12:59] [INFO] testCases.AccountRegistrationTest - ****Finished AccountRegistrationTest****
[2025-08-20 14:13:01] [INFO] testCases.LoginTest - ****Starting verify_login****
[2025-08-20 19:47:47] [INFO] org.testng.internal.Utils - [TestNG] Running:
  C:\Users\Supriya\SeleniumWebDriver\OpencartV121\grouping.xml

[2025-08-20 19:47:51] [INFO] testCases.AccountRegistrationTest - ****Starting AccountRegistrationTest****
[2025-08-20 19:47:51] [INFO] testCases.AccountRegistrationTest - Clicked on account link.... 
[2025-08-20 19:47:51] [INFO] testCases.AccountRegistrationTest - Clicked on registration link.... 
[2025-08-20 19:47:51] [INFO] testCases.AccountRegistrationTest - Providing customer details.... 
[2025-08-20 19:47:57] [INFO] testCases.AccountRegistrationTest - Validating expected message.... 
[2025-08-20 19:47:59] [INFO] testCases.AccountRegistrationTest - Logout after registering....
[2025-08-20 19:48:00] [INFO] testCases.AccountRegistrationTest - ****Finished AccountRegistrationTest****
[2025-08-20 19:48:02] [INFO] testCases.LoginTest - ****Starting verify_login****
[2025-08-20 20:11:03] [INFO] org.testng.internal.Utils - [TestNG] Running:
  C:\Users\Supriya\SeleniumWebDriver\OpencartV121\grouping.xml

[2025-08-20 20:11:05] [INFO] testCases.AccountRegistrationTest - ****Starting AccountRegistrationTest****
[2025-08-20 20:11:06] [INFO] testCases.AccountRegistrationTest - Clicked on account link.... 
[2025-08-20 20:11:06] [INFO] testCases.AccountRegistrationTest - Clicked on registration link.... 
[2025-08-20 20:11:06] [INFO] testCases.AccountRegistrationTest - Providing customer details.... 
[2025-08-20 20:11:12] [INFO] testCases.AccountRegistrationTest - Validating expected message.... 
[2025-08-20 20:11:14] [INFO] testCases.AccountRegistrationTest - Logout after registering....
[2025-08-20 20:11:15] [INFO] testCases.AccountRegistrationTest - ****Finished AccountRegistrationTest****
[2025-08-20 20:11:17] [INFO] testCases.LoginTest - ****Starting verify_login****
[2025-08-20 20:21:34] [INFO] org.testng.internal.Utils - [TestNG] Running:
  C:\Users\Supriya\SeleniumWebDriver\OpencartV121\grouping.xml

[2025-08-20 20:21:36] [INFO] testCases.AccountRegistrationTest - ****Starting AccountRegistrationTest****
[2025-08-20 20:21:36] [INFO] testCases.AccountRegistrationTest - Clicked on account link.... 
[2025-08-20 20:21:37] [INFO] testCases.AccountRegistrationTest - Clicked on registration link.... 
[2025-08-20 20:21:37] [INFO] testCases.AccountRegistrationTest - Providing customer details.... 
[2025-08-20 20:21:43] [INFO] testCases.AccountRegistrationTest - Validating expected message.... 
[2025-08-20 20:21:44] [INFO] testCases.AccountRegistrationTest - Logout after registering....
[2025-08-20 20:21:46] [INFO] testCases.AccountRegistrationTest - ****Finished AccountRegistrationTest****
[2025-08-20 20:21:49] [INFO] testCases.LoginTest - ****Starting verify_login****
[2025-08-20 20:28:36] [INFO] org.testng.internal.Utils - [TestNG] Running:
  C:\Users\Supriya\SeleniumWebDriver\OpencartV121\grouping.xml

[2025-08-20 20:28:38] [INFO] testCases.AccountRegistrationTest - ****Starting AccountRegistrationTest****
[2025-08-20 20:28:38] [INFO] testCases.AccountRegistrationTest - Clicked on account link.... 
[2025-08-20 20:28:39] [INFO] testCases.AccountRegistrationTest - Clicked on registration link.... 
[2025-08-20 20:28:39] [INFO] testCases.AccountRegistrationTest - Providing customer details.... 
[2025-08-20 20:28:45] [INFO] testCases.AccountRegistrationTest - Validating expected message.... 
[2025-08-20 20:28:47] [INFO] testCases.AccountRegistrationTest - Logout after registering....
[2025-08-20 20:28:48] [INFO] testCases.AccountRegistrationTest - ****Finished AccountRegistrationTest****
[2025-08-20 20:28:51] [INFO] testCases.LoginTest - ****Starting verify_login****
[2025-08-20 20:36:58] [INFO] org.testng.internal.Utils - [TestNG] Running:
  C:\Users\Supriya\SeleniumWebDriver\OpencartV121\master.xml

[2025-08-20 20:37:00] [INFO] testCases.AccountRegistrationTest - ****Starting AccountRegistrationTest****
[2025-08-20 20:37:00] [INFO] testCases.AccountRegistrationTest - Clicked on account link.... 
[2025-08-20 20:37:01] [INFO] testCases.AccountRegistrationTest - Clicked on registration link.... 
[2025-08-20 20:37:01] [INFO] testCases.AccountRegistrationTest - Providing customer details.... 
[2025-08-20 20:37:07] [INFO] testCases.AccountRegistrationTest - Validating expected message.... 
[2025-08-20 20:37:08] [INFO] testCases.AccountRegistrationTest - Logout after registering....
[2025-08-20 20:37:10] [INFO] testCases.AccountRegistrationTest - ****Finished AccountRegistrationTest****
[2025-08-20 20:37:12] [INFO] testCases.LoginTest - ****Starting verify_login****
[2025-08-20 20:38:24] [INFO] org.testng.internal.Utils - [TestNG] Running:
  C:\Users\Supriya\SeleniumWebDriver\OpencartV121\master.xml

[2025-08-20 20:38:26] [INFO] testCases.AccountRegistrationTest - ****Starting AccountRegistrationTest****
[2025-08-20 20:38:26] [INFO] testCases.AccountRegistrationTest - Clicked on account link.... 
[2025-08-20 20:38:27] [INFO] testCases.AccountRegistrationTest - Clicked on registration link.... 
[2025-08-20 20:38:27] [INFO] testCases.AccountRegistrationTest - Providing customer details.... 
[2025-08-20 20:38:33] [INFO] testCases.AccountRegistrationTest - Validating expected message.... 
[2025-08-20 20:38:34] [INFO] testCases.AccountRegistrationTest - Logout after registering....
[2025-08-20 20:38:35] [INFO] testCases.AccountRegistrationTest - ****Finished AccountRegistrationTest****
[2025-08-20 20:38:37] [INFO] testCases.LoginTest - ****Starting verify_login****
[2025-08-20 20:38:49] [ERROR] testCases.LoginTest - Test failedorg.openqa.selenium.NoSuchElementException: no such element: Unable to locate element: {"method":"xpath","selector":"//h1[normalize-space()='My Account']"}
  (Session info: chrome=139.0.7258.128)
For documentation on this error, please visit: https://www.selenium.dev/documentation/webdriver/troubleshooting/errors#no-such-element-exception
Build info: version: '4.34.0', revision: '707dcb4246*'
System info: os.name: 'Windows 11', os.arch: 'amd64', os.version: '10.0', java.version: '23.0.1'
Driver info: org.openqa.selenium.chrome.ChromeDriver
Command: [2a961808dc5aa05290bb8a97fc2526b1, findElement {using=xpath, value=//h1[normalize-space()='My Account']}]
Capabilities {acceptInsecureCerts: false, browserName: chrome, browserVersion: 139.0.7258.128, chrome: {chromedriverVersion: 139.0.7258.138 (884e54ea8d4..., userDataDir: C:\Users\Supriya\AppData\Lo...}, fedcm:accounts: true, goog:chromeOptions: {debuggerAddress: localhost:58935}, networkConnectionEnabled: false, pageLoadStrategy: normal, platformName: windows, proxy: Proxy(), se:cdp: ws://localhost:58935/devtoo..., se:cdpVersion: 139.0.7258.128, setWindowRect: true, strictFileInteractability: false, timeouts: {implicit: 0, pageLoad: 300000, script: 30000}, unhandledPromptBehavior: dismiss and notify, webauthn:extension:credBlob: true, webauthn:extension:largeBlob: true, webauthn:extension:minPinLength: true, webauthn:extension:prf: true, webauthn:virtualAuthenticators: true}
Session ID: 2a961808dc5aa05290bb8a97fc2526b1
[2025-08-20 20:38:49] [INFO] testCases.LoginTest - ****finished verify_login****
[2025-08-20 20:44:29] [INFO] org.testng.internal.Utils - [TestNG] Running:
  C:\Users\Supriya\SeleniumWebDriver\OpencartV121\master.xml

[2025-08-20 20:44:31] [INFO] testCases.AccountRegistrationTest - ****Starting AccountRegistrationTest****
[2025-08-20 20:44:31] [INFO] testCases.AccountRegistrationTest - Clicked on account link.... 
[2025-08-20 20:44:32] [INFO] testCases.AccountRegistrationTest - Clicked on registration link.... 
[2025-08-20 20:44:32] [INFO] testCases.AccountRegistrationTest - Providing customer details.... 
[2025-08-20 20:44:38] [INFO] testCases.AccountRegistrationTest - Validating expected message.... 
[2025-08-20 20:44:39] [INFO] testCases.AccountRegistrationTest - Logout after registering....
[2025-08-20 20:44:41] [INFO] testCases.AccountRegistrationTest - ****Finished AccountRegistrationTest****
[2025-08-20 20:44:43] [INFO] testCases.LoginTest - ****Starting verify_login****
[2025-08-20 20:46:42] [INFO] org.testng.internal.Utils - [TestNG] Running:
  C:\Users\Supriya\SeleniumWebDriver\OpencartV121\test-output\testng-failed.xml

[2025-08-20 20:46:44] [INFO] testCases.LoginTest - ****Starting verify_login****
